<?xml version="1.0" encoding="UTF-8"?>
<testsuite xmlns:xsi="http://www.w3.org/2001/XMLSchema-instance" xsi:noNamespaceSchemaLocation="https://maven.apache.org/surefire/maven-surefire-plugin/xsd/surefire-test-report-3.0.xsd" version="3.0" name="com.financeapp.controller.AuthControllerTest" time="0.362" tests="11" errors="0" skipped="0" failures="0">
  <properties>
[...]
</properties>
  <testcase name="testRegisterValidUser" classname="com.financeapp.controller.AuthControllerTest" time="0.14"/>
  <testcase name="testLoginSuccess" classname="com.financeapp.controller.AuthControllerTest" time="0.038"/>
  <testcase name="testLoginNonExistentUser" classname="com.financeapp.controller.AuthControllerTest" time="0.03"/>
  <testcase name="testChangePasswordWrongCurrentPassword" classname="com.financeapp.controller.AuthControllerTest" time="0.007"/>
  <testcase name="testRegisterDuplicateUsername" classname="com.financeapp.controller.AuthControllerTest" time="0.022"/>
  <testcase name="testChangePassword" classname="com.financeapp.controller.AuthControllerTest" time="0.021"/>
  <testcase name="testUpdateProfile" classname="com.financeapp.controller.AuthControllerTest" time="0.025"/>
  <testcase name="testLoginWrongPassword" classname="com.financeapp.controller.AuthControllerTest" time="0.021"/>
  <testcase name="testRegisterShortPassword" classname="com.financeapp.controller.AuthControllerTest" time="0.016"/>
  <testcase name="testRegisterEmptyUsername" classname="com.financeapp.controller.AuthControllerTest" time="0.004"/>
  <testcase name="testLogout" classname="com.financeapp.controller.AuthControllerTest" time="0.004"/>
</testsuite>